<?xml version="1.0" encoding="UTF-8"?>
<testsuite xmlns:xsi="http://www.w3.org/2001/XMLSchema-instance" xsi:noNamespaceSchemaLocation="https://maven.apache.org/surefire/maven-surefire-plugin/xsd/surefire-test-report-3.0.xsd" version="3.0" name="com.mbr.qa.testRunner.TestRunner" time="0.259" tests="1" errors="0" skipped="0" failures="0">
  <properties>
[...]
</properties>
  <testcase name="SRA131_Calender_Check_Calender meeting is added #1" classname="Test Calender functionality for MBRD" time="0.167">
    <system-out><![CDATA[
@Regression @Smoke
Scenario: SRA131_Calender_Check_Calender meeting is added # src/test/resources/features/calender/calender.feature:11
step 1
  Given I launch the Calender                             # com.mbr.qa.steps.MyStepdefs.iLaunchTheCalender()
step 2
  When I perform GET call with given endpoint             # com.mbr.qa.steps.MyStepdefs.iPerformGETCallWithGivenEndpoint()
]]></system-out>
  </testcase>
</testsuite>