{"uuid":"3308b0af-aed8-448d-b72a-72adb6520345","historyId":"d801ebdc054e66862b0bf584e4d4e3fe","fullName":"Test Calender functionality for MBRD: SRA131_Calender_Check_Calender meeting is added","labels":[{"name":"tag","value":"Calender"},{"name":"tag","value":"API"},{"name":"tag","value":"Regression"},{"name":"host","value":"LIN59019277"},{"name":"thread","value":"16656@LIN59019277.main(1)"},{"name":"feature","value":"Test Calender functionality for MBRD"},{"name":"story","value":"SRA131_Calender_Check_Calender meeting is added"},{"name":"suite","value":"Test Calender functionality for MBRD"},{"name":"testClass","value":"SRA131_Calender_Check_Calender meeting is added"},{"name":"framework","value":"cucumber4jvm"},{"name":"language","value":"java"},{"name":"gherkin_uri","value":"file:///C:/KT/report/Framework/src/test/resources/features/calender/calender.feature"},{"name":"package","value":"src.test.resources.features.calender.calender_feature.Test Calender functionality for MBRD"}],"links":[],"name":"SRA131_Calender_Check_Calender meeting is added","status":"failed","statusDetails":{"known":false,"muted":false,"flaky":false,"message":"expected:<1> but was:<0>","trace":"java.lang.AssertionError: expected:<1> but was:<0>\r\n\tat org.junit.Assert.fail(Assert.java:89)\r\n\tat org.junit.Assert.failNotEquals(Assert.java:835)\r\n\tat org.junit.Assert.assertEquals(Assert.java:647)\r\n\tat org.junit.Assert.assertEquals(Assert.java:633)\r\n\tat com.mbr.qa.steps.MyStepdefs.iGetResponce(MyStepdefs.java:46)\r\n\tat ✽.I get responce(file:///C:/KT/report/Framework/src/test/resources/features/calender/calender.feature:23)\r\n"},"stage":"finished","description":"This is my desc","steps":[{"name":"Given  I launch the Calender","status":"passed","statusDetails":{"known":false,"muted":false,"flaky":false},"stage":"finished","steps":[],"attachments":[],"parameters":[],"start":1640678683862,"stop":1640678683863},{"name":"When  I perform GET call with given endpoint","status":"passed","statusDetails":{"known":false,"muted":false,"flaky":false},"stage":"finished","steps":[{"name":"func1:user login with name kuldeep and pwd is asasd","status":"passed","stage":"finished","steps":[],"attachments":[],"parameters":[],"start":1640678683863,"stop":1640678683863},{"name":"func1:user login with name kuldeep and pwd is asasd","status":"passed","stage":"finished","steps":[],"attachments":[],"parameters":[],"start":1640678683863,"stop":1640678683863},{"name":"func1:user login with name kuldeep and pwd is asasd","status":"passed","stage":"finished","steps":[],"attachments":[],"parameters":[],"start":1640678683863,"stop":1640678683863}],"attachments":[],"parameters":[],"start":1640678683863,"stop":1640678683864},{"name":"Then  I get responce","status":"failed","statusDetails":{"known":false,"muted":false,"flaky":false,"message":"expected:<1> but was:<0>","trace":"java.lang.AssertionError: expected:<1> but was:<0>\r\n\tat org.junit.Assert.fail(Assert.java:89)\r\n\tat org.junit.Assert.failNotEquals(Assert.java:835)\r\n\tat org.junit.Assert.assertEquals(Assert.java:647)\r\n\tat org.junit.Assert.assertEquals(Assert.java:633)\r\n\tat com.mbr.qa.steps.MyStepdefs.iGetResponce(MyStepdefs.java:46)\r\n\tat ✽.I get responce(file:///C:/KT/report/Framework/src/test/resources/features/calender/calender.feature:23)\r\n"},"stage":"finished","steps":[],"attachments":[],"parameters":[],"start":1640678683864,"stop":1640678683867}],"attachments":[],"parameters":[],"start":1640678683862,"stop":1640678683868}