{"uuid":"f672c4ef-eb85-4629-8c61-0dcdf3529b21","historyId":"2ade2456d132cf9188b3f5eab27491c5","fullName":"Test Calender functionality for MBRD: SRA131_Calender_Check_Calender meeting is added","labels":[{"name":"tag","value":"Calender"},{"name":"tag","value":"API"},{"name":"tag","value":"Regression"},{"name":"host","value":"LIN25009339"},{"name":"thread","value":"29308@LIN25009339.main(1)"},{"name":"feature","value":"Test Calender functionality for MBRD"},{"name":"story","value":"SRA131_Calender_Check_Calender meeting is added"},{"name":"suite","value":"Test Calender functionality for MBRD"},{"name":"testClass","value":"SRA131_Calender_Check_Calender meeting is added"},{"name":"framework","value":"cucumber4jvm"},{"name":"language","value":"java"},{"name":"gherkin_uri","value":"file:///C:/abcsdfs/abc/Framework/src/test/resources/features/calender/calender.feature"},{"name":"package","value":"src.test.resources.features.calender.calender_feature.Test Calender functionality for MBRD"}],"links":[],"name":"SRA131_Calender_Check_Calender meeting is added","status":"failed","statusDetails":{"known":false,"muted":false,"flaky":false,"message":"expected:<1> but was:<0>","trace":"java.lang.AssertionError: expected:<1> but was:<0>\r\n\tat org.junit.Assert.fail(Assert.java:89)\r\n\tat org.junit.Assert.failNotEquals(Assert.java:835)\r\n\tat org.junit.Assert.assertEquals(Assert.java:647)\r\n\tat org.junit.Assert.assertEquals(Assert.java:633)\r\n\tat com.mbr.qa.steps.MyStepdefs.iGetResponce(MyStepdefs.java:46)\r\n\tat ✽.I get responce(file:///C:/abcsdfs/abc/Framework/src/test/resources/features/calender/calender.feature:24)\r\n"},"stage":"finished","description":"This is my desc","steps":[{"name":"Given  I launch the Calender","status":"passed","statusDetails":{"known":false,"muted":false,"flaky":false},"stage":"finished","steps":[],"attachments":[],"parameters":[],"start":1643114592648,"stop":1643114592648},{"name":"When  I perform GET call with given endpoint","status":"passed","statusDetails":{"known":false,"muted":false,"flaky":false},"stage":"finished","steps":[{"name":"func1:user login with name kuldeep and pwd is asasd","status":"passed","stage":"finished","steps":[],"attachments":[],"parameters":[],"start":1643114592649,"stop":1643114592649},{"name":"func1:user login with name kuldeep and pwd is asasd","status":"passed","stage":"finished","steps":[],"attachments":[],"parameters":[],"start":1643114592649,"stop":1643114592649},{"name":"func1:user login with name kuldeep and pwd is asasd","status":"passed","stage":"finished","steps":[],"attachments":[],"parameters":[],"start":1643114592649,"stop":1643114592649}],"attachments":[],"parameters":[],"start":1643114592649,"stop":1643114592649},{"name":"Then  I get responce","status":"failed","statusDetails":{"known":false,"muted":false,"flaky":false,"message":"expected:<1> but was:<0>","trace":"java.lang.AssertionError: expected:<1> but was:<0>\r\n\tat org.junit.Assert.fail(Assert.java:89)\r\n\tat org.junit.Assert.failNotEquals(Assert.java:835)\r\n\tat org.junit.Assert.assertEquals(Assert.java:647)\r\n\tat org.junit.Assert.assertEquals(Assert.java:633)\r\n\tat com.mbr.qa.steps.MyStepdefs.iGetResponce(MyStepdefs.java:46)\r\n\tat ✽.I get responce(file:///C:/abcsdfs/abc/Framework/src/test/resources/features/calender/calender.feature:24)\r\n"},"stage":"finished","steps":[],"attachments":[],"parameters":[],"start":1643114592650,"stop":1643114592651}],"attachments":[],"parameters":[],"start":1643114592647,"stop":1643114592651}